
> vibe-generated-app@1.0.0 dev
> vite


  VITE v5.4.20  ready in 216 ms

  ➜  Local:   http://localhost:3000/
  ➜  Network: http://172.20.7.102:3000/
8:50:23 AM [vite] Pre-transform error: Transform failed with 1 error:
/home/workspace/src/components/HowItWorks.jsx:22:67: ERROR: Unterminated string literal
8:50:29 AM [vite] Internal server error: Transform failed with 1 error:
/home/workspace/src/components/HowItWorks.jsx:22:67: ERROR: Unterminated string literal
  Plugin: vite:esbuild
  File: /home/workspace/src/components/HowItWorks.jsx:22:67
  
  Unterminated string literal
  20 |      {
  21 |        title: "Book in minutes",
  22 |        desc: "Reserve a spot or start a telehealth visit right away.
     |                                                                     ^
  23 |        ",
  24 |        icon: CalendarCheck,
  
      at failureErrorWithLog (/home/workspace/node_modules/esbuild/lib/main.js:1472:15)
      at /home/workspace/node_modules/esbuild/lib/main.js:755:50
      at responseCallbacks.<computed> (/home/workspace/node_modules/esbuild/lib/main.js:622:9)
      at handleIncomingPacket (/home/workspace/node_modules/esbuild/lib/main.js:677:12)
      at Socket.readFromStdout (/home/workspace/node_modules/esbuild/lib/main.js:600:7)
      at Socket.emit (node:events:508:28)
      at addChunk (node:internal/streams/readable:559:12)
      at readableAddChunkPushByteMode (node:internal/streams/readable:510:3)
      at Readable.push (node:internal/streams/readable:390:5)
      at Pipe.onStreamRead (node:internal/stream_base_commons:189:23)
8:50:31 AM [vite] Internal server error: Transform failed with 1 error:
/home/workspace/src/components/HowItWorks.jsx:22:67: ERROR: Unterminated string literal
  Plugin: vite:esbuild
  File: /home/workspace/src/components/HowItWorks.jsx:22:67
  
  Unterminated string literal
  20 |      {
  21 |        title: "Book in minutes",
  22 |        desc: "Reserve a spot or start a telehealth visit right away.
     |                                                                     ^
  23 |        ",
  24 |        icon: CalendarCheck,
  
      at failureErrorWithLog (/home/workspace/node_modules/esbuild/lib/main.js:1472:15)
      at /home/workspace/node_modules/esbuild/lib/main.js:755:50
      at responseCallbacks.<computed> (/home/workspace/node_modules/esbuild/lib/main.js:622:9)
      at handleIncomingPacket (/home/workspace/node_modules/esbuild/lib/main.js:677:12)
      at Socket.readFromStdout (/home/workspace/node_modules/esbuild/lib/main.js:600:7)
      at Socket.emit (node:events:508:28)
      at addChunk (node:internal/streams/readable:559:12)
      at readableAddChunkPushByteMode (node:internal/streams/readable:510:3)
      at Readable.push (node:internal/streams/readable:390:5)
      at Pipe.onStreamRead (node:internal/stream_base_commons:189:23)
8:50:42 AM [vite] Internal server error: Transform failed with 1 error:
/home/workspace/src/components/HowItWorks.jsx:22:67: ERROR: Unterminated string literal
  Plugin: vite:esbuild
  File: /home/workspace/src/components/HowItWorks.jsx:22:67
  
  Unterminated string literal
  20 |      {
  21 |        title: "Book in minutes",
  22 |        desc: "Reserve a spot or start a telehealth visit right away.
     |                                                                     ^
  23 |        ",
  24 |        icon: CalendarCheck,
  
      at failureErrorWithLog (/home/workspace/node_modules/esbuild/lib/main.js:1472:15)
      at /home/workspace/node_modules/esbuild/lib/main.js:755:50
      at responseCallbacks.<computed> (/home/workspace/node_modules/esbuild/lib/main.js:622:9)
      at handleIncomingPacket (/home/workspace/node_modules/esbuild/lib/main.js:677:12)
      at Socket.readFromStdout (/home/workspace/node_modules/esbuild/lib/main.js:600:7)
      at Socket.emit (node:events:508:28)
      at addChunk (node:internal/streams/readable:559:12)
      at readableAddChunkPushByteMode (node:internal/streams/readable:510:3)
      at Readable.push (node:internal/streams/readable:390:5)
      at Pipe.onStreamRead (node:internal/stream_base_commons:189:23)
